#
# There is insufficient memory for the Java Runtime Environment to continue.
# Native memory allocation (malloc) failed to allocate 335536 bytes for Chunk::new
# Possible reasons:
#   The system is out of physical RAM or swap space
#   The process is running with CompressedOops enabled, and the Java Heap may be blocking the growth of the native heap
# Possible solutions:
#   Reduce memory load on the system
#   Increase physical memory or swap space
#   Check if swap backing store is full
#   Decrease Java heap size (-Xmx/-Xms)
#   Decrease number of Java threads
#   Decrease Java thread stack sizes (-Xss)
#   Set larger code cache with -XX:ReservedCodeCacheSize=
#   JVM is running with Zero Based Compressed Oops mode in which the Java heap is
#     placed in the first 32GB address space. The Java Heap base address is the
#     maximum limit for the native heap growth. Please use -XX:HeapBaseMinAddress
#     to set the Java Heap base and to place the Java Heap above 32GB virtual address.
# This output file may be truncated or incomplete.
#
#  Out of Memory Error (arena.cpp:184), pid=5660, tid=13072
#
# JRE version: Java(TM) SE Runtime Environment (19.0.1+10) (build 19.0.1+10-21)
# Java VM: Java HotSpot(TM) 64-Bit Server VM (19.0.1+10-21, mixed mode, sharing, tiered, compressed oops, compressed class ptrs, g1 gc, windows-amd64)
# No core dump will be written. Minidumps are not enabled by default on client versions of Windows
#

---------------  S U M M A R Y ------------

Command Line: -Dclassworlds.conf=C:\Users\shubh\.m2\wrapper\dists\apache-maven-3.9.9\977a63e90f436cd6ade95b4c0e10c20c\bin\m2.conf -Dmaven.home=C:\Users\shubh\.m2\wrapper\dists\apache-maven-3.9.9\977a63e90f436cd6ade95b4c0e10c20c -Dlibrary.jansi.path=C:\Users\shubh\.m2\wrapper\dists\apache-maven-3.9.9\977a63e90f436cd6ade95b4c0e10c20c\lib\jansi-native -Dmaven.multiModuleProjectDirectory=E:\Downloads\spring-boot-projects-main\spring-boot-projects-main\ecom-product-catalog\productcatalog org.codehaus.plexus.classworlds.launcher.Launcher spring-boot:run

Host: 11th Gen Intel(R) Core(TM) i5-1155G7 @ 2.50GHz, 8 cores, 15G,  Windows 11 , 64 bit Build 22621 (10.0.22621.5415)
Time: Wed Oct  1 16:58:53 2025 India Standard Time elapsed time: 0.374659 seconds (0d 0h 0m 0s)

---------------  T H R E A D  ---------------

Current thread (0x000002517c8e4570):  JavaThread "C2 CompilerThread1" daemon [_thread_in_native, id=13072, stack(0x000000d257b00000,0x000000d257c00000)]


Current CompileTask:
C2:    374 1064       4       sun.nio.cs.StreamDecoder::lockedRead (189 bytes)

Stack: [0x000000d257b00000,0x000000d257c00000]
Native frames: (J=compiled Java code, j=interpreted, Vv=VM code, C=native code)
V  [jvm.dll+0x6ee8fa]
V  [jvm.dll+0x857a1e]
V  [jvm.dll+0x85940e]
V  [jvm.dll+0x859ac3]
V  [jvm.dll+0x28291f]
V  [jvm.dll+0xc9b5f]
V  [jvm.dll+0xc9ee5]
V  [jvm.dll+0x3bcb72]
V  [jvm.dll+0x1ee12a]
V  [jvm.dll+0x24c41b]
V  [jvm.dll+0x24b671]
V  [jvm.dll+0x1d6d61]
V  [jvm.dll+0x25b0fa]
V  [jvm.dll+0x259588]
V  [jvm.dll+0x807928]
V  [jvm.dll+0x8015fa]
V  [jvm.dll+0x6ed5eb]
C  [ucrtbase.dll+0x29333]
C  [KERNEL32.DLL+0x1259d]
C  [ntdll.dll+0x5af78]


---------------  P R O C E S S  ---------------

Threads class SMR info:
_java_thread_list=0x000002517cd441d0, length=14, elements={
0x0000025156fb1b90, 0x000002517c1fd2c0, 0x000002517c1fdfa0, 0x000002517c1fec80,
0x000002517c2006b0, 0x000002517c2010d0, 0x000002517c204a20, 0x000002517c205680,
0x000002517c205ff0, 0x000002517c21c6f0, 0x000002517c45a690, 0x000002517c45f050,
0x000002517c8e4570, 0x000002517cf91030
}

Java Threads: ( => current thread )
  0x0000025156fb1b90 JavaThread "main" [_thread_in_Java, id=11552, stack(0x000000d256800000,0x000000d256900000)]
  0x000002517c1fd2c0 JavaThread "Reference Handler" daemon [_thread_blocked, id=9556, stack(0x000000d256f00000,0x000000d257000000)]
  0x000002517c1fdfa0 JavaThread "Finalizer" daemon [_thread_blocked, id=13356, stack(0x000000d257000000,0x000000d257100000)]
  0x000002517c1fec80 JavaThread "Signal Dispatcher" daemon [_thread_blocked, id=21352, stack(0x000000d257100000,0x000000d257200000)]
  0x000002517c2006b0 JavaThread "Attach Listener" daemon [_thread_blocked, id=10564, stack(0x000000d257200000,0x000000d257300000)]
  0x000002517c2010d0 JavaThread "Service Thread" daemon [_thread_blocked, id=5772, stack(0x000000d257300000,0x000000d257400000)]
  0x000002517c204a20 JavaThread "Monitor Deflation Thread" daemon [_thread_blocked, id=5160, stack(0x000000d257400000,0x000000d257500000)]
  0x000002517c205680 JavaThread "C2 CompilerThread0" daemon [_thread_in_native, id=1760, stack(0x000000d257500000,0x000000d257600000)]
  0x000002517c205ff0 JavaThread "C1 CompilerThread0" daemon [_thread_blocked, id=18704, stack(0x000000d257600000,0x000000d257700000)]
  0x000002517c21c6f0 JavaThread "Sweeper thread" daemon [_thread_blocked, id=8504, stack(0x000000d257700000,0x000000d257800000)]
  0x000002517c45a690 JavaThread "Notification Thread" daemon [_thread_blocked, id=21900, stack(0x000000d257800000,0x000000d257900000)]
  0x000002517c45f050 JavaThread "Common-Cleaner" daemon [_thread_blocked, id=20700, stack(0x000000d257a00000,0x000000d257b00000)]
=>0x000002517c8e4570 JavaThread "C2 CompilerThread1" daemon [_thread_in_native, id=13072, stack(0x000000d257b00000,0x000000d257c00000)]
  0x000002517cf91030 JavaThread "C2 CompilerThread2" daemon [_thread_in_native, id=16172, stack(0x000000d257c00000,0x000000d257d00000)]

Other Threads:
  0x000002517c1e5600 VMThread "VM Thread" [stack: 0x000000d256e00000,0x000000d256f00000] [id=10920]
  0x000002517c45cbe0 WatcherThread "VM Periodic Task Thread" [stack: 0x000000d257900000,0x000000d257a00000] [id=14524]
  0x00000251570222d0 WorkerThread "GC Thread#0" [stack: 0x000000d256900000,0x000000d256a00000] [id=23080]
  0x000002517cee4260 WorkerThread "GC Thread#1" [stack: 0x000000d257d00000,0x000000d257e00000] [id=2452]
  0x000002517cf4eca0 WorkerThread "GC Thread#2" [stack: 0x000000d257e00000,0x000000d257f00000] [id=18828]
  0x000002517d1a8c40 WorkerThread "GC Thread#3" [stack: 0x000000d257f00000,0x000000d258000000] [id=22496]
  0x000002517d1b2430 WorkerThread "GC Thread#4" [stack: 0x000000d258000000,0x000000d258100000] [id=2492]
  0x000002517d1b29d0 WorkerThread "GC Thread#5" [stack: 0x000000d258100000,0x000000d258200000] [id=21348]
  0x000002517d1b2700 WorkerThread "GC Thread#6" [stack: 0x000000d258200000,0x000000d258300000] [id=13092]
  0x000002517d1b2ca0 WorkerThread "GC Thread#7" [stack: 0x000000d258300000,0x000000d258400000] [id=23116]
  0x0000025157032e40 ConcurrentGCThread "G1 Main Marker" [stack: 0x000000d256a00000,0x000000d256b00000] [id=18512]
  0x0000025157034a20 WorkerThread "G1 Conc#0" [stack: 0x000000d256b00000,0x000000d256c00000] [id=11108]
  0x000002515706e610 ConcurrentGCThread "G1 Refine#0" [stack: 0x000000d256c00000,0x000000d256d00000] [id=20236]
  0x000002517c0a0300 ConcurrentGCThread "G1 Service" [stack: 0x000000d256d00000,0x000000d256e00000] [id=20652]

Threads with active compile tasks:
C2 CompilerThread0      394 1063   !   4       sun.nio.cs.StreamDecoder::read (78 bytes)
C2 CompilerThread1      394 1064       4       sun.nio.cs.StreamDecoder::lockedRead (189 bytes)
C2 CompilerThread2      394 1076       4       java.io.InputStreamReader::read (11 bytes)

VM state: not at safepoint (normal execution)

VM Mutex/Monitor currently owned by a thread: None

Heap address: 0x0000000704000000, size: 4032 MB, Compressed Oops mode: Zero based, Oop shift amount: 3

CDS archive(s) mapped at: [0x0000000800000000-0x0000000800c40000-0x0000000800c40000), size 12845056, SharedBaseAddress: 0x0000000800000000, ArchiveRelocationMode: 0.
Compressed class space mapped at: 0x0000000801000000-0x0000000841000000, reserved size: 1073741824
Narrow klass base: 0x0000000800000000, Narrow klass shift: 0, Narrow klass range: 0x100000000

GC Precious Log:
 CardTable entry size: 512
 Card Set container configuration: InlinePtr #cards 4 size 8 Array Of Cards #cards 16 size 48 Howl #buckets 8 coarsen threshold 3686 Howl Bitmap #cards 512 size 80 coarsen threshold 460 Card regions per heap region 1 cards per card region 4096
 CPUs: 8 total, 8 available
 Memory: 16126M
 Large Page Support: Disabled
 NUMA Support: Disabled
 Compressed Oops: Enabled (Zero based)
 Heap Region Size: 2M
 Heap Min Capacity: 8M
 Heap Initial Capacity: 252M
 Heap Max Capacity: 4032M
 Pre-touch: Disabled
 Parallel Workers: 8
 Concurrent Workers: 2
 Concurrent Refinement Workers: 8
 Periodic GC: Disabled

Heap:
 garbage-first heap   total 258048K, used 3840K [0x0000000704000000, 0x0000000800000000)
  region size 2048K, 3 young (6144K), 2 survivors (4096K)
 Metaspace       used 5594K, committed 5824K, reserved 1114112K
  class space    used 644K, committed 768K, reserved 1048576K

Heap Regions: E=young(eden), S=young(survivor), O=old, HS=humongous(starts), HC=humongous(continues), CS=collection set, F=free, OA=open archive, CA=closed archive, TAMS=top-at-mark-start (previous, next)
|   0|0x0000000704000000, 0x0000000704000000, 0x0000000704200000|  0%| F|  |TAMS 0x0000000704000000, 0x0000000704000000| Untracked 
|   1|0x0000000704200000, 0x0000000704200000, 0x0000000704400000|  0%| F|  |TAMS 0x0000000704200000, 0x0000000704200000| Untracked 
|   2|0x0000000704400000, 0x0000000704400000, 0x0000000704600000|  0%| F|  |TAMS 0x0000000704400000, 0x0000000704400000| Untracked 
|   3|0x0000000704600000, 0x0000000704600000, 0x0000000704800000|  0%| F|  |TAMS 0x0000000704600000, 0x0000000704600000| Untracked 
|   4|0x0000000704800000, 0x0000000704800000, 0x0000000704a00000|  0%| F|  |TAMS 0x0000000704800000, 0x0000000704800000| Untracked 
|   5|0x0000000704a00000, 0x0000000704a00000, 0x0000000704c00000|  0%| F|  |TAMS 0x0000000704a00000, 0x0000000704a00000| Untracked 
|   6|0x0000000704c00000, 0x0000000704c00000, 0x0000000704e00000|  0%| F|  |TAMS 0x0000000704c00000, 0x0000000704c00000| Untracked 
|   7|0x0000000704e00000, 0x0000000704e00000, 0x0000000705000000|  0%| F|  |TAMS 0x0000000704e00000, 0x0000000704e00000| Untracked 
|   8|0x0000000705000000, 0x0000000705000000, 0x0000000705200000|  0%| F|  |TAMS 0x0000000705000000, 0x0000000705000000| Untracked 
|   9|0x0000000705200000, 0x0000000705200000, 0x0000000705400000|  0%| F|  |TAMS 0x0000000705200000, 0x0000000705200000| Untracked 
|  10|0x0000000705400000, 0x0000000705400000, 0x0000000705600000|  0%| F|  |TAMS 0x0000000705400000, 0x0000000705400000| Untracked 
|  11|0x0000000705600000, 0x0000000705600000, 0x0000000705800000|  0%| F|  |TAMS 0x0000000705600000, 0x0000000705600000| Untracked 
|  12|0x0000000705800000, 0x0000000705800000, 0x0000000705a00000|  0%| F|  |TAMS 0x0000000705800000, 0x0000000705800000| Untracked 
|  13|0x0000000705a00000, 0x0000000705a00000, 0x0000000705c00000|  0%| F|  |TAMS 0x0000000705a00000, 0x0000000705a00000| Untracked 
|  14|0x0000000705c00000, 0x0000000705c00000, 0x0000000705e00000|  0%| F|  |TAMS 0x0000000705c00000, 0x0000000705c00000| Untracked 
|  15|0x0000000705e00000, 0x0000000705e00000, 0x0000000706000000|  0%| F|  |TAMS 0x0000000705e00000, 0x0000000705e00000| Untracked 
|  16|0x0000000706000000, 0x0000000706000000, 0x0000000706200000|  0%| F|  |TAMS 0x0000000706000000, 0x0000000706000000| Untracked 
|  17|0x0000000706200000, 0x0000000706200000, 0x0000000706400000|  0%| F|  |TAMS 0x0000000706200000, 0x0000000706200000| Untracked 
|  18|0x0000000706400000, 0x0000000706400000, 0x0000000706600000|  0%| F|  |TAMS 0x0000000706400000, 0x0000000706400000| Untracked 
|  19|0x0000000706600000, 0x0000000706600000, 0x0000000706800000|  0%| F|  |TAMS 0x0000000706600000, 0x0000000706600000| Untracked 
|  20|0x0000000706800000, 0x0000000706800000, 0x0000000706a00000|  0%| F|  |TAMS 0x0000000706800000, 0x0000000706800000| Untracked 
|  21|0x0000000706a00000, 0x0000000706a00000, 0x0000000706c00000|  0%| F|  |TAMS 0x0000000706a00000, 0x0000000706a00000| Untracked 
|  22|0x0000000706c00000, 0x0000000706c00000, 0x0000000706e00000|  0%| F|  |TAMS 0x0000000706c00000, 0x0000000706c00000| Untracked 
|  23|0x0000000706e00000, 0x0000000706e00000, 0x0000000707000000|  0%| F|  |TAMS 0x0000000706e00000, 0x0000000706e00000| Untracked 
|  24|0x0000000707000000, 0x0000000707000000, 0x0000000707200000|  0%| F|  |TAMS 0x0000000707000000, 0x0000000707000000| Untracked 
|  25|0x0000000707200000, 0x0000000707200000, 0x0000000707400000|  0%| F|  |TAMS 0x0000000707200000, 0x0000000707200000| Untracked 
|  26|0x0000000707400000, 0x0000000707400000, 0x0000000707600000|  0%| F|  |TAMS 0x0000000707400000, 0x0000000707400000| Untracked 
|  27|0x0000000707600000, 0x0000000707600000, 0x0000000707800000|  0%| F|  |TAMS 0x0000000707600000, 0x0000000707600000| Untracked 
|  28|0x0000000707800000, 0x0000000707800000, 0x0000000707a00000|  0%| F|  |TAMS 0x0000000707800000, 0x0000000707800000| Untracked 
|  29|0x0000000707a00000, 0x0000000707a00000, 0x0000000707c00000|  0%| F|  |TAMS 0x0000000707a00000, 0x0000000707a00000| Untracked 
|  30|0x0000000707c00000, 0x0000000707c00000, 0x0000000707e00000|  0%| F|  |TAMS 0x0000000707c00000, 0x0000000707c00000| Untracked 
|  31|0x0000000707e00000, 0x0000000707e00000, 0x0000000708000000|  0%| F|  |TAMS 0x0000000707e00000, 0x0000000707e00000| Untracked 
|  32|0x0000000708000000, 0x0000000708000000, 0x0000000708200000|  0%| F|  |TAMS 0x0000000708000000, 0x0000000708000000| Untracked 
|  33|0x0000000708200000, 0x0000000708200000, 0x0000000708400000|  0%| F|  |TAMS 0x0000000708200000, 0x0000000708200000| Untracked 
|  34|0x0000000708400000, 0x0000000708400000, 0x0000000708600000|  0%| F|  |TAMS 0x0000000708400000, 0x0000000708400000| Untracked 
|  35|0x0000000708600000, 0x0000000708600000, 0x0000000708800000|  0%| F|  |TAMS 0x0000000708600000, 0x0000000708600000| Untracked 
|  36|0x0000000708800000, 0x0000000708800000, 0x0000000708a00000|  0%| F|  |TAMS 0x0000000708800000, 0x0000000708800000| Untracked 
|  37|0x0000000708a00000, 0x0000000708a00000, 0x0000000708c00000|  0%| F|  |TAMS 0x0000000708a00000, 0x0000000708a00000| Untracked 
|  38|0x0000000708c00000, 0x0000000708c00000, 0x0000000708e00000|  0%| F|  |TAMS 0x0000000708c00000, 0x0000000708c00000| Untracked 
|  39|0x0000000708e00000, 0x0000000708e00000, 0x0000000709000000|  0%| F|  |TAMS 0x0000000708e00000, 0x0000000708e00000| Untracked 
|  40|0x0000000709000000, 0x0000000709000000, 0x0000000709200000|  0%| F|  |TAMS 0x0000000709000000, 0x0000000709000000| Untracked 
|  41|0x0000000709200000, 0x0000000709200000, 0x0000000709400000|  0%| F|  |TAMS 0x0000000709200000, 0x0000000709200000| Untracked 
|  42|0x0000000709400000, 0x0000000709400000, 0x0000000709600000|  0%| F|  |TAMS 0x0000000709400000, 0x0000000709400000| Untracked 
|  43|0x0000000709600000, 0x0000000709600000, 0x0000000709800000|  0%| F|  |TAMS 0x0000000709600000, 0x0000000709600000| Untracked 
|  44|0x0000000709800000, 0x0000000709800000, 0x0000000709a00000|  0%| F|  |TAMS 0x0000000709800000, 0x0000000709800000| Untracked 
|  45|0x0000000709a00000, 0x0000000709a00000, 0x0000000709c00000|  0%| F|  |TAMS 0x0000000709a00000, 0x0000000709a00000| Untracked 
|  46|0x0000000709c00000, 0x0000000709c00000, 0x0000000709e00000|  0%| F|  |TAMS 0x0000000709c00000, 0x0000000709c00000| Untracked 
|  47|0x0000000709e00000, 0x0000000709e00000, 0x000000070a000000|  0%| F|  |TAMS 0x0000000709e00000, 0x0000000709e00000| Untracked 
|  48|0x000000070a000000, 0x000000070a000000, 0x000000070a200000|  0%| F|  |TAMS 0x000000070a000000, 0x000000070a000000| Untracked 
|  49|0x000000070a200000, 0x000000070a200000, 0x000000070a400000|  0%| F|  |TAMS 0x000000070a200000, 0x000000070a200000| Untracked 
|  50|0x000000070a400000, 0x000000070a400000, 0x000000070a600000|  0%| F|  |TAMS 0x000000070a400000, 0x000000070a400000| Untracked 
|  51|0x000000070a600000, 0x000000070a600000, 0x000000070a800000|  0%| F|  |TAMS 0x000000070a600000, 0x000000070a600000| Untracked 
|  52|0x000000070a800000, 0x000000070a800000, 0x000000070aa00000|  0%| F|  |TAMS 0x000000070a800000, 0x000000070a800000| Untracked 
|  53|0x000000070aa00000, 0x000000070aa00000, 0x000000070ac00000|  0%| F|  |TAMS 0x000000070aa00000, 0x000000070aa00000| Untracked 
|  54|0x000000070ac00000, 0x000000070ac00000, 0x000000070ae00000|  0%| F|  |TAMS 0x000000070ac00000, 0x000000070ac00000| Untracked 
|  55|0x000000070ae00000, 0x000000070ae00000, 0x000000070b000000|  0%| F|  |TAMS 0x000000070ae00000, 0x000000070ae00000| Untracked 
|  56|0x000000070b000000, 0x000000070b000000, 0x000000070b200000|  0%| F|  |TAMS 0x000000070b000000, 0x000000070b000000| Untracked 
|  57|0x000000070b200000, 0x000000070b200000, 0x000000070b400000|  0%| F|  |TAMS 0x000000070b200000, 0x000000070b200000| Untracked 
|  58|0x000000070b400000, 0x000000070b400000, 0x000000070b600000|  0%| F|  |TAMS 0x000000070b400000, 0x000000070b400000| Untracked 
|  59|0x000000070b600000, 0x000000070b600000, 0x000000070b800000|  0%| F|  |TAMS 0x000000070b600000, 0x000000070b600000| Untracked 
|  60|0x000000070b800000, 0x000000070b800000, 0x000000070ba00000|  0%| F|  |TAMS 0x000000070b800000, 0x000000070b800000| Untracked 
|  61|0x000000070ba00000, 0x000000070ba00000, 0x000000070bc00000|  0%| F|  |TAMS 0x000000070ba00000, 0x000000070ba00000| Untracked 
|  62|0x000000070bc00000, 0x000000070bc00000, 0x000000070be00000|  0%| F|  |TAMS 0x000000070bc00000, 0x000000070bc00000| Untracked 
|  63|0x000000070be00000, 0x000000070be00000, 0x000000070c000000|  0%| F|  |TAMS 0x000000070be00000, 0x000000070be00000| Untracked 
|  64|0x000000070c000000, 0x000000070c000000, 0x000000070c200000|  0%| F|  |TAMS 0x000000070c000000, 0x000000070c000000| Untracked 
|  65|0x000000070c200000, 0x000000070c200000, 0x000000070c400000|  0%| F|  |TAMS 0x000000070c200000, 0x000000070c200000| Untracked 
|  66|0x000000070c400000, 0x000000070c400000, 0x000000070c600000|  0%| F|  |TAMS 0x000000070c400000, 0x000000070c400000| Untracked 
|  67|0x000000070c600000, 0x000000070c600000, 0x000000070c800000|  0%| F|  |TAMS 0x000000070c600000, 0x000000070c600000| Untracked 
|  68|0x000000070c800000, 0x000000070c800000, 0x000000070ca00000|  0%| F|  |TAMS 0x000000070c800000, 0x000000070c800000| Untracked 
|  69|0x000000070ca00000, 0x000000070ca00000, 0x000000070cc00000|  0%| F|  |TAMS 0x000000070ca00000, 0x000000070ca00000| Untracked 
|  70|0x000000070cc00000, 0x000000070cc00000, 0x000000070ce00000|  0%| F|  |TAMS 0x000000070cc00000, 0x000000070cc00000| Untracked 
|  71|0x000000070ce00000, 0x000000070ce00000, 0x000000070d000000|  0%| F|  |TAMS 0x000000070ce00000, 0x000000070ce00000| Untracked 
|  72|0x000000070d000000, 0x000000070d000000, 0x000000070d200000|  0%| F|  |TAMS 0x000000070d000000, 0x000000070d000000| Untracked 
|  73|0x000000070d200000, 0x000000070d200000, 0x000000070d400000|  0%| F|  |TAMS 0x000000070d200000, 0x000000070d200000| Untracked 
|  74|0x000000070d400000, 0x000000070d400000, 0x000000070d600000|  0%| F|  |TAMS 0x000000070d400000, 0x000000070d400000| Untracked 
|  75|0x000000070d600000, 0x000000070d600000, 0x000000070d800000|  0%| F|  |TAMS 0x000000070d600000, 0x000000070d600000| Untracked 
|  76|0x000000070d800000, 0x000000070d800000, 0x000000070da00000|  0%| F|  |TAMS 0x000000070d800000, 0x000000070d800000| Untracked 
|  77|0x000000070da00000, 0x000000070da00000, 0x000000070dc00000|  0%| F|  |TAMS 0x000000070da00000, 0x000000070da00000| Untracked 
|  78|0x000000070dc00000, 0x000000070dc00000, 0x000000070de00000|  0%| F|  |TAMS 0x000000070dc00000, 0x000000070dc00000| Untracked 
|  79|0x000000070de00000, 0x000000070de00000, 0x000000070e000000|  0%| F|  |TAMS 0x000000070de00000, 0x000000070de00000| Untracked 
|  80|0x000000070e000000, 0x000000070e000000, 0x000000070e200000|  0%| F|  |TAMS 0x000000070e000000, 0x000000070e000000| Untracked 
|  81|0x000000070e200000, 0x000000070e200000, 0x000000070e400000|  0%| F|  |TAMS 0x000000070e200000, 0x000000070e200000| Untracked 
|  82|0x000000070e400000, 0x000000070e400000, 0x000000070e600000|  0%| F|  |TAMS 0x000000070e400000, 0x000000070e400000| Untracked 
|  83|0x000000070e600000, 0x000000070e600000, 0x000000070e800000|  0%| F|  |TAMS 0x000000070e600000, 0x000000070e600000| Untracked 
|  84|0x000000070e800000, 0x000000070e800000, 0x000000070ea00000|  0%| F|  |TAMS 0x000000070e800000, 0x000000070e800000| Untracked 
|  85|0x000000070ea00000, 0x000000070ea00000, 0x000000070ec00000|  0%| F|  |TAMS 0x000000070ea00000, 0x000000070ea00000| Untracked 
|  86|0x000000070ec00000, 0x000000070ec00000, 0x000000070ee00000|  0%| F|  |TAMS 0x000000070ec00000, 0x000000070ec00000| Untracked 
|  87|0x000000070ee00000, 0x000000070ee00000, 0x000000070f000000|  0%| F|  |TAMS 0x000000070ee00000, 0x000000070ee00000| Untracked 
|  88|0x000000070f000000, 0x000000070f000000, 0x000000070f200000|  0%| F|  |TAMS 0x000000070f000000, 0x000000070f000000| Untracked 
|  89|0x000000070f200000, 0x000000070f200000, 0x000000070f400000|  0%| F|  |TAMS 0x000000070f200000, 0x000000070f200000| Untracked 
|  90|0x000000070f400000, 0x000000070f400000, 0x000000070f600000|  0%| F|  |TAMS 0x000000070f400000, 0x000000070f400000| Untracked 
|  91|0x000000070f600000, 0x000000070f600000, 0x000000070f800000|  0%| F|  |TAMS 0x000000070f600000, 0x000000070f600000| Untracked 
|  92|0x000000070f800000, 0x000000070f800000, 0x000000070fa00000|  0%| F|  |TAMS 0x000000070f800000, 0x000000070f800000| Untracked 
|  93|0x000000070fa00000, 0x000000070fa00000, 0x000000070fc00000|  0%| F|  |TAMS 0x000000070fa00000, 0x000000070fa00000| Untracked 
|  94|0x000000070fc00000, 0x000000070fc00000, 0x000000070fe00000|  0%| F|  |TAMS 0x000000070fc00000, 0x000000070fc00000| Untracked 
|  95|0x000000070fe00000, 0x000000070fe00000, 0x0000000710000000|  0%| F|  |TAMS 0x000000070fe00000, 0x000000070fe00000| Untracked 
|  96|0x0000000710000000, 0x0000000710000000, 0x0000000710200000|  0%| F|  |TAMS 0x0000000710000000, 0x0000000710000000| Untracked 
|  97|0x0000000710200000, 0x0000000710200000, 0x0000000710400000|  0%| F|  |TAMS 0x0000000710200000, 0x0000000710200000| Untracked 
|  98|0x0000000710400000, 0x0000000710400000, 0x0000000710600000|  0%| F|  |TAMS 0x0000000710400000, 0x0000000710400000| Untracked 
|  99|0x0000000710600000, 0x0000000710600000, 0x0000000710800000|  0%| F|  |TAMS 0x0000000710600000, 0x0000000710600000| Untracked 
| 100|0x0000000710800000, 0x0000000710800000, 0x0000000710a00000|  0%| F|  |TAMS 0x0000000710800000, 0x0000000710800000| Untracked 
| 101|0x0000000710a00000, 0x0000000710a00000, 0x0000000710c00000|  0%| F|  |TAMS 0x0000000710a00000, 0x0000000710a00000| Untracked 
| 102|0x0000000710c00000, 0x0000000710c00000, 0x0000000710e00000|  0%| F|  |TAMS 0x0000000710c00000, 0x0000000710c00000| Untracked 
| 103|0x0000000710e00000, 0x0000000710e00000, 0x0000000711000000|  0%| F|  |TAMS 0x0000000710e00000, 0x0000000710e00000| Untracked 
| 104|0x0000000711000000, 0x0000000711000000, 0x0000000711200000|  0%| F|  |TAMS 0x0000000711000000, 0x0000000711000000| Untracked 
| 105|0x0000000711200000, 0x0000000711200000, 0x0000000711400000|  0%| F|  |TAMS 0x0000000711200000, 0x0000000711200000| Untracked 
| 106|0x0000000711400000, 0x0000000711400000, 0x0000000711600000|  0%| F|  |TAMS 0x0000000711400000, 0x0000000711400000| Untracked 
| 107|0x0000000711600000, 0x0000000711600000, 0x0000000711800000|  0%| F|  |TAMS 0x0000000711600000, 0x0000000711600000| Untracked 
| 108|0x0000000711800000, 0x0000000711800000, 0x0000000711a00000|  0%| F|  |TAMS 0x0000000711800000, 0x0000000711800000| Untracked 
| 109|0x0000000711a00000, 0x0000000711a00000, 0x0000000711c00000|  0%| F|  |TAMS 0x0000000711a00000, 0x0000000711a00000| Untracked 
| 110|0x0000000711c00000, 0x0000000711c00000, 0x0000000711e00000|  0%| F|  |TAMS 0x0000000711c00000, 0x0000000711c00000| Untracked 
| 111|0x0000000711e00000, 0x0000000711e00000, 0x0000000712000000|  0%| F|  |TAMS 0x0000000711e00000, 0x0000000711e00000| Untracked 
| 112|0x0000000712000000, 0x0000000712000000, 0x0000000712200000|  0%| F|  |TAMS 0x0000000712000000, 0x0000000712000000| Untracked 
| 113|0x0000000712200000, 0x00000007123c0000, 0x0000000712400000| 87%| S|CS|TAMS 0x0000000712200000, 0x0000000712200000| Complete 
| 114|0x0000000712400000, 0x0000000712600000, 0x0000000712600000|100%| S|CS|TAMS 0x0000000712400000, 0x0000000712400000| Complete 
| 115|0x0000000712600000, 0x0000000712600000, 0x0000000712800000|  0%| F|  |TAMS 0x0000000712600000, 0x0000000712600000| Untracked 
| 116|0x0000000712800000, 0x0000000712800000, 0x0000000712a00000|  0%| F|  |TAMS 0x0000000712800000, 0x0000000712800000| Untracked 
| 117|0x0000000712a00000, 0x0000000712a00000, 0x0000000712c00000|  0%| F|  |TAMS 0x0000000712a00000, 0x0000000712a00000| Untracked 
| 118|0x0000000712c00000, 0x0000000712c00000, 0x0000000712e00000|  0%| F|  |TAMS 0x0000000712c00000, 0x0000000712c00000| Untracked 
| 119|0x0000000712e00000, 0x0000000712e00000, 0x0000000713000000|  0%| F|  |TAMS 0x0000000712e00000, 0x0000000712e00000| Untracked 
| 120|0x0000000713000000, 0x0000000713000000, 0x0000000713200000|  0%| F|  |TAMS 0x0000000713000000, 0x0000000713000000| Untracked 
| 121|0x0000000713200000, 0x0000000713200000, 0x0000000713400000|  0%| F|  |TAMS 0x0000000713200000, 0x0000000713200000| Untracked 
| 122|0x0000000713400000, 0x0000000713400000, 0x0000000713600000|  0%| F|  |TAMS 0x0000000713400000, 0x0000000713400000| Untracked 
| 123|0x0000000713600000, 0x0000000713600000, 0x0000000713800000|  0%| F|  |TAMS 0x0000000713600000, 0x0000000713600000| Untracked 
| 124|0x0000000713800000, 0x0000000713800000, 0x0000000713a00000|  0%| F|  |TAMS 0x0000000713800000, 0x0000000713800000| Untracked 
| 125|0x0000000713a00000, 0x0000000713bbc5a0, 0x0000000713c00000| 86%| E|  |TAMS 0x0000000713a00000, 0x0000000713a00000| Complete 

Card table byte_map: [0x0000025170950000,0x0000025171130000] _byte_map_base: 0x000002516d130000

Marking Bits (Prev, Next): (CMBitMap*) 0x0000025157022900, (CMBitMap*) 0x0000025157022940
 Prev Bits: [0x0000025171910000, 0x0000025175810000)
 Next Bits: [0x0000025175810000, 0x0000025179710000)

Polling page: 0x0000025157070000

Metaspace:

Usage:
  Non-class:      4.84 MB used.
      Class:    645.95 KB used.
       Both:      5.47 MB used.

Virtual space:
  Non-class space:       64.00 MB reserved,       4.94 MB (  8%) committed,  1 nodes.
      Class space:        1.00 GB reserved,     768.00 KB ( <1%) committed,  1 nodes.
             Both:        1.06 GB reserved,       5.69 MB ( <1%) committed. 

Chunk freelists:
   Non-Class:  1.19 MB
       Class:  3.28 MB
        Both:  4.47 MB

MaxMetaspaceSize: unlimited
CompressedClassSpaceSize: 1.00 GB
Initial GC threshold: 21.00 MB
Current GC threshold: 21.00 MB
CDS: on
MetaspaceReclaimPolicy: balanced
 - commit_granule_bytes: 65536.
 - commit_granule_words: 8192.
 - virtual_space_node_default_size: 8388608.
 - enlarge_chunks_in_place: 1.
 - new_chunks_are_fully_committed: 0.
 - uncommit_free_chunks: 1.
 - use_allocation_guard: 0.


Internal statistics:

num_allocs_failed_limit: 0.
num_arena_births: 68.
num_arena_deaths: 0.
num_vsnodes_births: 2.
num_vsnodes_deaths: 0.
num_space_committed: 91.
num_space_uncommitted: 0.
num_chunks_returned_to_freelist: 0.
num_chunks_taken_from_freelist: 228.
num_chunk_merges: 0.
num_chunk_splits: 145.
num_chunks_enlarged: 118.
num_inconsistent_stats: 0.

CodeHeap 'non-profiled nmethods': size=120000Kb used=330Kb max_used=330Kb free=119669Kb
 bounds [0x00000251681d0000, 0x0000025168440000, 0x000002516f700000]
CodeHeap 'profiled nmethods': size=120000Kb used=2174Kb max_used=2174Kb free=117825Kb
 bounds [0x0000025160700000, 0x0000025160970000, 0x0000025167c30000]
CodeHeap 'non-nmethods': size=5760Kb used=1260Kb max_used=1292Kb free=4499Kb
 bounds [0x0000025167c30000, 0x0000025167ea0000, 0x00000251681d0000]
 total_blobs=1547 nmethods=1091 adapters=367
 compilation: enabled
              stopped_count=0, restarted_count=0
 full_count=0

Compilation events (20 events):
Event: 0.366 Thread 0x000002517cf91030 nmethod 1068 0x0000025168221d10 code [0x0000025168221ea0, 0x0000025168221f78]
Event: 0.366 Thread 0x000002517cf91030 1076       4       java.io.InputStreamReader::read (11 bytes)
Event: 0.368 Thread 0x000002517c205ff0 1081       3       org.codehaus.plexus.util.xml.pull.MXParser::isWhitespace (114 bytes)
Event: 0.368 Thread 0x000002517c205ff0 nmethod 1081 0x0000025160915e10 code [0x0000025160916040, 0x00000251609168c8]
Event: 0.368 Thread 0x000002517c205ff0 1083       3       org.codehaus.plexus.util.xml.pull.MXParser::nextTag (82 bytes)
Event: 0.369 Thread 0x000002517c205ff0 nmethod 1083 0x0000025160916b10 code [0x0000025160916d80, 0x00000251609176d8]
Event: 0.369 Thread 0x000002517c205ff0 1087       3       java.lang.StringLatin1::trim (76 bytes)
Event: 0.369 Thread 0x000002517c205ff0 nmethod 1087 0x0000025160917a90 code [0x0000025160917c60, 0x0000025160918048]
Event: 0.369 Thread 0x000002517c205ff0 1084       3       org.codehaus.plexus.util.xml.pull.MXParser::ensureElementsCapacity (265 bytes)
Event: 0.370 Thread 0x000002517c205ff0 nmethod 1084 0x0000025160918190 code [0x0000025160918400, 0x0000025160919548]
Event: 0.370 Thread 0x000002517c205ff0 1085       3       org.codehaus.plexus.util.xml.pull.MXParser::newString (11 bytes)
Event: 0.370 Thread 0x000002517c205ff0 nmethod 1085 0x0000025160919810 code [0x00000251609199c0, 0x0000025160919b68]
Event: 0.370 Thread 0x000002517c205ff0 1086       3       java.lang.String::trim (35 bytes)
Event: 0.370 Thread 0x000002517c205ff0 nmethod 1086 0x0000025160919c90 code [0x0000025160919e60, 0x000002516091a158]
Event: 0.370 Thread 0x000002517c205ff0 1088       3       org.codehaus.plexus.util.xml.pull.MXParser::getName (84 bytes)
Event: 0.370 Thread 0x000002517c205ff0 nmethod 1088 0x000002516091a210 code [0x000002516091a3e0, 0x000002516091a7a8]
Event: 0.370 Thread 0x000002517c205ff0 1089       3       org.codehaus.plexus.util.xml.pull.MXParser::getText (125 bytes)
Event: 0.370 Thread 0x000002517c205ff0 nmethod 1089 0x000002516091a910 code [0x000002516091ab00, 0x000002516091b078]
Event: 0.370 Thread 0x000002517c205ff0 1082       3       java.util.HashMap::isEmpty (13 bytes)
Event: 0.370 Thread 0x000002517c205ff0 nmethod 1082 0x000002516091b190 code [0x000002516091b320, 0x000002516091b498]

GC Heap History (0 events):
No events

Dll operation events (8 events):
Event: 0.004 Loaded shared library C:\Program Files\Java\jdk-19\bin\java.dll
Event: 0.010 Loaded shared library C:\Program Files\Java\jdk-19\bin\jsvml.dll
Event: 0.031 Loaded shared library C:\Program Files\Java\jdk-19\bin\net.dll
Event: 0.032 Loaded shared library C:\Program Files\Java\jdk-19\bin\nio.dll
Event: 0.034 Loaded shared library C:\Program Files\Java\jdk-19\bin\zip.dll
Event: 0.109 Loaded shared library C:\Program Files\Java\jdk-19\bin\jimage.dll
Event: 0.109 Loaded shared library C:\Users\shubh\.m2\wrapper\dists\apache-maven-3.9.9\977a63e90f436cd6ade95b4c0e10c20c\lib\jansi-native\Windows\x86_64\jansi.dll
Event: 0.119 Loaded shared library C:\Program Files\Java\jdk-19\bin\verify.dll

Deoptimization events (20 events):
Event: 0.222 Thread 0x0000025156fb1b90 DEOPT PACKING pc=0x000002516072023e sp=0x000000d2568fd800
Event: 0.222 Thread 0x0000025156fb1b90 DEOPT UNPACKING pc=0x0000025167c9b0e3 sp=0x000000d2568fcc78 mode 0
Event: 0.223 Thread 0x0000025156fb1b90 DEOPT PACKING pc=0x000002516074875e sp=0x000000d2568fd140
Event: 0.223 Thread 0x0000025156fb1b90 DEOPT UNPACKING pc=0x0000025167c9b0e3 sp=0x000000d2568fc618 mode 0
Event: 0.349 Thread 0x0000025156fb1b90 Uncommon trap: trap_request=0xffffffde fr.pc=0x0000025168202fc8 relative=0x0000000000000548
Event: 0.349 Thread 0x0000025156fb1b90 Uncommon trap: reason=class_check action=maybe_recompile pc=0x0000025168202fc8 method=java.util.regex.Matcher.search(I)Z @ 121 c2
Event: 0.349 Thread 0x0000025156fb1b90 DEOPT PACKING pc=0x0000025168202fc8 sp=0x000000d2568fdd40
Event: 0.349 Thread 0x0000025156fb1b90 DEOPT UNPACKING pc=0x0000025167c9a5a3 sp=0x000000d2568fdd20 mode 2
Event: 0.349 Thread 0x0000025156fb1b90 Uncommon trap: trap_request=0xffffff76 fr.pc=0x00000251681ff3a0 relative=0x00000000000002e0
Event: 0.349 Thread 0x0000025156fb1b90 Uncommon trap: reason=predicate action=maybe_recompile pc=0x00000251681ff3a0 method=java.util.regex.Pattern$BmpCharPropertyGreedy.match(Ljava/util/regex/Matcher;ILjava/lang/CharSequence;)Z @ 12 c2
Event: 0.349 Thread 0x0000025156fb1b90 DEOPT PACKING pc=0x00000251681ff3a0 sp=0x000000d2568fdb10
Event: 0.349 Thread 0x0000025156fb1b90 DEOPT UNPACKING pc=0x0000025167c9a5a3 sp=0x000000d2568fdac8 mode 2
Event: 0.349 Thread 0x0000025156fb1b90 Uncommon trap: trap_request=0xffffff45 fr.pc=0x00000251681f6cd0 relative=0x00000000000000b0
Event: 0.349 Thread 0x0000025156fb1b90 Uncommon trap: reason=unstable_if action=reinterpret pc=0x00000251681f6cd0 method=org.codehaus.plexus.util.xml.pull.MXParser.more()C @ 8 c2
Event: 0.349 Thread 0x0000025156fb1b90 DEOPT PACKING pc=0x00000251681f6cd0 sp=0x000000d2568fdef0
Event: 0.349 Thread 0x0000025156fb1b90 DEOPT UNPACKING pc=0x0000025167c9a5a3 sp=0x000000d2568fde80 mode 2
Event: 0.352 Thread 0x0000025156fb1b90 Uncommon trap: trap_request=0xffffff45 fr.pc=0x00000251682202fc relative=0x00000000000000dc
Event: 0.352 Thread 0x0000025156fb1b90 Uncommon trap: reason=unstable_if action=reinterpret pc=0x00000251682202fc method=java.util.concurrent.locks.ReentrantLock$Sync.tryRelease(I)Z @ 26 c2
Event: 0.352 Thread 0x0000025156fb1b90 DEOPT PACKING pc=0x00000251682202fc sp=0x000000d2568fd910
Event: 0.352 Thread 0x0000025156fb1b90 DEOPT UNPACKING pc=0x0000025167c9a5a3 sp=0x000000d2568fd7a0 mode 2

Classes loaded (20 events):
Event: 0.323 Loading class java/lang/annotation/Documented
Event: 0.323 Loading class java/lang/annotation/Documented done
Event: 0.330 Loading class java/util/concurrent/TimeoutException
Event: 0.330 Loading class java/util/concurrent/TimeoutException done
Event: 0.330 Loading class java/util/concurrent/CancellationException
Event: 0.330 Loading class java/util/concurrent/CancellationException done
Event: 0.330 Loading class java/security/PrivilegedActionException
Event: 0.330 Loading class java/security/PrivilegedActionException done
Event: 0.330 Loading class sun/misc/Unsafe
Event: 0.330 Loading class sun/misc/Unsafe done
Event: 0.331 Loading class java/lang/invoke/DirectMethodHandle$StaticAccessor
Event: 0.331 Loading class java/lang/invoke/DirectMethodHandle$StaticAccessor done
Event: 0.334 Loading class java/lang/reflect/ParameterizedType
Event: 0.334 Loading class java/lang/reflect/ParameterizedType done
Event: 0.336 Loading class java/lang/reflect/WildcardType
Event: 0.336 Loading class java/lang/reflect/WildcardType done
Event: 0.337 Loading class sun/reflect/generics/tree/TypeVariableSignature
Event: 0.337 Loading class sun/reflect/generics/tree/TypeVariableSignature done
Event: 0.346 Loading class java/lang/annotation/IncompleteAnnotationException
Event: 0.346 Loading class java/lang/annotation/IncompleteAnnotationException done

Classes unloaded (0 events):
No events

Classes redefined (0 events):
No events

Internal exceptions (20 events):
Event: 0.113 Thread 0x0000025156fb1b90 Exception <a 'java/lang/NullPointerException'{0x00000007137ad020}> (0x00000007137ad020) 
thrown [s\open\src\hotspot\share\interpreter\linkResolver.cpp, line 1374]
Event: 0.113 Thread 0x0000025156fb1b90 Exception <a 'java/lang/NullPointerException'{0x00000007137ad300}> (0x00000007137ad300) 
thrown [s\open\src\hotspot\share\interpreter\linkResolver.cpp, line 1374]
Event: 0.113 Thread 0x0000025156fb1b90 Exception <a 'java/lang/NullPointerException'{0x00000007137ad5e0}> (0x00000007137ad5e0) 
thrown [s\open\src\hotspot\share\interpreter\linkResolver.cpp, line 1374]
Event: 0.114 Thread 0x0000025156fb1b90 Exception <a 'java/lang/NullPointerException'{0x00000007137b3628}> (0x00000007137b3628) 
thrown [s\open\src\hotspot\share\interpreter\linkResolver.cpp, line 1374]
Event: 0.115 Thread 0x0000025156fb1b90 Exception <a 'java/lang/NullPointerException'{0x00000007137c6d60}> (0x00000007137c6d60) 
thrown [s\open\src\hotspot\share\interpreter\linkResolver.cpp, line 1374]
Event: 0.115 Thread 0x0000025156fb1b90 Exception <a 'java/lang/NullPointerException'{0x00000007137c7040}> (0x00000007137c7040) 
thrown [s\open\src\hotspot\share\interpreter\linkResolver.cpp, line 1374]
Event: 0.115 Thread 0x0000025156fb1b90 Exception <a 'java/lang/NullPointerException'{0x00000007137c7320}> (0x00000007137c7320) 
thrown [s\open\src\hotspot\share\interpreter\linkResolver.cpp, line 1374]
Event: 0.115 Thread 0x0000025156fb1b90 Exception <a 'java/lang/NullPointerException'{0x00000007137c7600}> (0x00000007137c7600) 
thrown [s\open\src\hotspot\share\interpreter\linkResolver.cpp, line 1374]
Event: 0.124 Thread 0x0000025156fb1b90 Exception <a 'java/lang/NoSuchMethodError'{0x0000000713472e68}: 'void java.lang.invoke.DirectMethodHandle$Holder.invokeStatic(java.lang.Object, java.lang.Object)'> (0x0000000713472e68) 
thrown [s\open\src\hotspot\share\interpreter\linkResolver.cpp, line 774]
Event: 0.124 Thread 0x0000025156fb1b90 Exception <a 'java/lang/NoSuchMethodError'{0x00000007134764d8}: 'void java.lang.invoke.DirectMethodHandle$Holder.invokeStaticInit(java.lang.Object, java.lang.Object)'> (0x00000007134764d8) 
thrown [s\open\src\hotspot\share\interpreter\linkResolver.cpp, line 774]
Event: 0.129 Thread 0x0000025156fb1b90 Exception <a 'java/lang/NoSuchMethodError'{0x00000007134ade30}: 'void java.lang.invoke.DirectMethodHandle$Holder.invokeStatic(java.lang.Object, java.lang.Object, java.lang.Object)'> (0x00000007134ade30) 
thrown [s\open\src\hotspot\share\interpreter\linkResolver.cpp, line 774]
Event: 0.161 Thread 0x0000025156fb1b90 Exception <a 'java/lang/NoSuchMethodError'{0x000000071322ce40}: 'java.lang.Object java.lang.invoke.DirectMethodHandle$Holder.invokeSpecialIFC(java.lang.Object, java.lang.Object, java.lang.Object, java.lang.Object)'> (0x000000071322ce40) 
thrown [s\open\src\hotspot\share\interpreter\linkResolver.cpp, line 774]
Event: 0.267 Thread 0x0000025156fb1b90 Exception <a 'java/lang/NoSuchMethodError'{0x0000000712fd7178}: 'void java.lang.invoke.DirectMethodHandle$Holder.invokeSpecial(java.lang.Object, java.lang.Object, java.lang.Object)'> (0x0000000712fd7178) 
thrown [s\open\src\hotspot\share\interpreter\linkResolver.cpp, line 774]
Event: 0.287 Thread 0x0000025156fb1b90 Exception <a 'java/lang/NoSuchMethodError'{0x0000000712d29cb8}: 'java.lang.Object java.lang.invoke.DirectMethodHandle$Holder.invokeInterface(java.lang.Object, java.lang.Object)'> (0x0000000712d29cb8) 
thrown [s\open\src\hotspot\share\interpreter\linkResolver.cpp, line 774]
Event: 0.297 Thread 0x0000025156fb1b90 Exception <a 'java/lang/NoSuchMethodError'{0x0000000712dc92f8}: 'int java.lang.invoke.DirectMethodHandle$Holder.invokeStatic(java.lang.Object, java.lang.Object, java.lang.Object, java.lang.Object)'> (0x0000000712dc92f8) 
thrown [s\open\src\hotspot\share\interpreter\linkResolver.cpp, line 774]
Event: 0.297 Thread 0x0000025156fb1b90 Exception <a 'java/lang/NoSuchMethodError'{0x0000000712dccc38}: 'java.lang.Object java.lang.invoke.Invokers$Holder.invokeExact_MT(java.lang.Object, java.lang.Object, java.lang.Object, java.lang.Object, java.lang.Object, java.lang.Object)'> (0x0000000712dccc38) 
thrown [s\open\src\hotspot\share\interpreter\linkResolver.cpp, line 774]
Event: 0.299 Thread 0x0000025156fb1b90 Exception <a 'java/lang/NoSuchMethodError'{0x0000000712dddc60}: 'int java.lang.invoke.DirectMethodHandle$Holder.invokeSpecialIFC(java.lang.Object, java.lang.Object, java.lang.Object, java.lang.Object, java.lang.Object)'> (0x0000000712dddc60) 
thrown [s\open\src\hotspot\share\interpreter\linkResolver.cpp, line 774]
Event: 0.324 Thread 0x0000025156fb1b90 Exception <a 'java/lang/NoSuchMethodError'{0x0000000712b72970}: 'java.lang.Object java.lang.invoke.DirectMethodHandle$Holder.newInvokeSpecial(java.lang.Object, java.lang.Object, java.lang.Object, java.lang.Object, java.lang.Object)'> (0x0000000712b72970) 
thrown [s\open\src\hotspot\share\interpreter\linkResolver.cpp, line 774]
Event: 0.341 Thread 0x0000025156fb1b90 Exception <a 'java/lang/NoSuchMethodError'{0x0000000712877568}: 'int java.lang.invoke.DirectMethodHandle$Holder.invokeStaticInit(java.lang.Object, java.lang.Object)'> (0x0000000712877568) 
thrown [s\open\src\hotspot\share\interpreter\linkResolver.cpp, line 774]
Event: 0.346 Thread 0x0000025156fb1b90 Exception <a 'java/lang/NoClassDefFoundError'{0x00000007128ae058}: javax/enterprise/inject/Typed> (0x00000007128ae058) 
thrown [s\open\src\hotspot\share\classfile\systemDictionary.cpp, line 244]

VM Operations (10 events):
Event: 0.034 Executing VM operation: HandshakeAllThreads
Event: 0.034 Executing VM operation: HandshakeAllThreads done
Event: 0.105 Executing VM operation: HandshakeAllThreads
Event: 0.105 Executing VM operation: HandshakeAllThreads done
Event: 0.111 Executing VM operation: HandshakeAllThreads
Event: 0.111 Executing VM operation: HandshakeAllThreads done
Event: 0.169 Executing VM operation: HandshakeAllThreads
Event: 0.169 Executing VM operation: HandshakeAllThreads done
Event: 0.361 Executing VM operation: ICBufferFull
Event: 0.362 Executing VM operation: ICBufferFull done

Events (16 events):
Event: 0.011 Thread 0x0000025156fb1b90 Thread added: 0x0000025156fb1b90
Event: 0.018 Thread 0x000002517c1fd2c0 Thread added: 0x000002517c1fd2c0
Event: 0.018 Thread 0x000002517c1fdfa0 Thread added: 0x000002517c1fdfa0
Event: 0.018 Thread 0x000002517c1fec80 Thread added: 0x000002517c1fec80
Event: 0.018 Thread 0x000002517c2006b0 Thread added: 0x000002517c2006b0
Event: 0.018 Thread 0x000002517c2010d0 Thread added: 0x000002517c2010d0
Event: 0.018 Thread 0x000002517c204a20 Thread added: 0x000002517c204a20
Event: 0.018 Thread 0x000002517c205680 Thread added: 0x000002517c205680
Event: 0.018 Thread 0x000002517c205ff0 Thread added: 0x000002517c205ff0
Event: 0.018 Thread 0x000002517c21c6f0 Thread added: 0x000002517c21c6f0
Event: 0.027 Thread 0x000002517c45a690 Thread added: 0x000002517c45a690
Event: 0.029 Thread 0x000002517c45f050 Thread added: 0x000002517c45f050
Event: 0.107 Thread 0x000002517c64c130 Thread added: 0x000002517c64c130
Event: 0.114 Thread 0x000002517c64c130 Thread exited: 0x000002517c64c130
Event: 0.218 Thread 0x000002517c8e4570 Thread added: 0x000002517c8e4570
Event: 0.365 Thread 0x000002517cf91030 Thread added: 0x000002517cf91030


Dynamic libraries:
0x00007ff7ea260000 - 0x00007ff7ea270000 	C:\Program Files\Java\jdk-19\bin\java.exe
0x00007ffdc0250000 - 0x00007ffdc0467000 	C:\WINDOWS\SYSTEM32\ntdll.dll
0x00007ffdbeb40000 - 0x00007ffdbec04000 	C:\WINDOWS\System32\KERNEL32.DLL
0x00007ffdbd880000 - 0x00007ffdbdc50000 	C:\WINDOWS\System32\KERNELBASE.dll
0x00007ffdbdc50000 - 0x00007ffdbdd61000 	C:\WINDOWS\System32\ucrtbase.dll
0x00007ffdab5f0000 - 0x00007ffdab608000 	C:\Program Files\Java\jdk-19\bin\jli.dll
0x00007ffda5730000 - 0x00007ffda574b000 	C:\Program Files\Java\jdk-19\bin\VCRUNTIME140.dll
0x00007ffdbee10000 - 0x00007ffdbeec1000 	C:\WINDOWS\System32\ADVAPI32.dll
0x00007ffdbecd0000 - 0x00007ffdbed77000 	C:\WINDOWS\System32\msvcrt.dll
0x00007ffdbea90000 - 0x00007ffdbeb38000 	C:\WINDOWS\System32\sechost.dll
0x00007ffdbdd70000 - 0x00007ffdbdd98000 	C:\WINDOWS\System32\bcrypt.dll
0x00007ffdbfff0000 - 0x00007ffdc0108000 	C:\WINDOWS\System32\RPCRT4.dll
0x00007ffdbf820000 - 0x00007ffdbf9d1000 	C:\WINDOWS\System32\USER32.dll
0x00007ffdbd3f0000 - 0x00007ffdbd416000 	C:\WINDOWS\System32\win32u.dll
0x00007ffda2050000 - 0x00007ffda22ec000 	C:\WINDOWS\WinSxS\amd64_microsoft.windows.common-controls_6595b64144ccf1df_6.0.22621.5840_none_2710ea077384a4fe\COMCTL32.dll
0x00007ffdbe520000 - 0x00007ffdbe549000 	C:\WINDOWS\System32\GDI32.dll
0x00007ffdbd420000 - 0x00007ffdbd543000 	C:\WINDOWS\System32\gdi32full.dll
0x00007ffdbd350000 - 0x00007ffdbd3ea000 	C:\WINDOWS\System32\msvcp_win.dll
0x00007ffdaa970000 - 0x00007ffdaa97a000 	C:\WINDOWS\SYSTEM32\VERSION.dll
0x00007ffdbdf50000 - 0x00007ffdbdf81000 	C:\WINDOWS\System32\IMM32.DLL
0x00007ffda5b80000 - 0x00007ffda5b8c000 	C:\Program Files\Java\jdk-19\bin\vcruntime140_1.dll
0x00007ffd92600000 - 0x00007ffd9268e000 	C:\Program Files\Java\jdk-19\bin\msvcp140.dll
0x00007ffd5cc80000 - 0x00007ffd5d940000 	C:\Program Files\Java\jdk-19\bin\server\jvm.dll
0x00007ffda5790000 - 0x00007ffda5799000 	C:\WINDOWS\SYSTEM32\WSOCK32.dll
0x00007ffdbae00000 - 0x00007ffdbae34000 	C:\WINDOWS\SYSTEM32\WINMM.dll
0x00007ffdbeed0000 - 0x00007ffdbef41000 	C:\WINDOWS\System32\WS2_32.dll
0x00007ffdbc2c0000 - 0x00007ffdbc2d8000 	C:\WINDOWS\SYSTEM32\kernel.appcore.dll
0x00007ffda55d0000 - 0x00007ffda55da000 	C:\Program Files\Java\jdk-19\bin\jimage.dll
0x00007ffdbab40000 - 0x00007ffdbad73000 	C:\WINDOWS\SYSTEM32\DBGHELP.DLL
0x00007ffdbf9e0000 - 0x00007ffdbfd71000 	C:\WINDOWS\System32\combase.dll
0x00007ffdbff10000 - 0x00007ffdbffe8000 	C:\WINDOWS\System32\OLEAUT32.dll
0x00007ffdbadc0000 - 0x00007ffdbadf2000 	C:\WINDOWS\SYSTEM32\dbgcore.DLL
0x00007ffdbd550000 - 0x00007ffdbd5cb000 	C:\WINDOWS\System32\bcryptPrimitives.dll
0x00007ffda49e0000 - 0x00007ffda4a06000 	C:\Program Files\Java\jdk-19\bin\java.dll
0x00007ffd7de80000 - 0x00007ffd7df57000 	C:\Program Files\Java\jdk-19\bin\jsvml.dll
0x00007ffdbef50000 - 0x00007ffdbf7f1000 	C:\WINDOWS\System32\SHELL32.dll
0x00007ffdbdda0000 - 0x00007ffdbdedf000 	C:\WINDOWS\System32\wintypes.dll
0x00007ffdbb220000 - 0x00007ffdbbb3a000 	C:\WINDOWS\SYSTEM32\windows.storage.dll
0x00007ffdbfd80000 - 0x00007ffdbfe8a000 	C:\WINDOWS\System32\SHCORE.dll
0x00007ffdc0180000 - 0x00007ffdc01e9000 	C:\WINDOWS\System32\shlwapi.dll
0x00007ffdbd280000 - 0x00007ffdbd2a5000 	C:\WINDOWS\SYSTEM32\profapi.dll
0x00007ffda49c0000 - 0x00007ffda49d3000 	C:\Program Files\Java\jdk-19\bin\net.dll
0x00007ffdb33d0000 - 0x00007ffdb34fc000 	C:\WINDOWS\SYSTEM32\WINHTTP.dll
0x00007ffdbc800000 - 0x00007ffdbc869000 	C:\WINDOWS\system32\mswsock.dll
0x00007ffda49a0000 - 0x00007ffda49b6000 	C:\Program Files\Java\jdk-19\bin\nio.dll
0x00007ffd9a080000 - 0x00007ffd9a098000 	C:\Program Files\Java\jdk-19\bin\zip.dll
0x00007ffd994b0000 - 0x00007ffd994d4000 	C:\Users\shubh\.m2\wrapper\dists\apache-maven-3.9.9\977a63e90f436cd6ade95b4c0e10c20c\lib\jansi-native\Windows\x86_64\jansi.dll
0x00007ffda4f40000 - 0x00007ffda4f50000 	C:\Program Files\Java\jdk-19\bin\verify.dll

dbghelp: loaded successfully - version: 4.0.5 - missing functions: none
symbol engine: initialized successfully - sym options: 0x614 - pdb path: .;C:\Program Files\Java\jdk-19\bin;C:\WINDOWS\SYSTEM32;C:\WINDOWS\WinSxS\amd64_microsoft.windows.common-controls_6595b64144ccf1df_6.0.22621.5840_none_2710ea077384a4fe;C:\Program Files\Java\jdk-19\bin\server;C:\Users\shubh\.m2\wrapper\dists\apache-maven-3.9.9\977a63e90f436cd6ade95b4c0e10c20c\lib\jansi-native\Windows\x86_64

VM Arguments:
jvm_args: -Dclassworlds.conf=C:\Users\shubh\.m2\wrapper\dists\apache-maven-3.9.9\977a63e90f436cd6ade95b4c0e10c20c\bin\m2.conf -Dmaven.home=C:\Users\shubh\.m2\wrapper\dists\apache-maven-3.9.9\977a63e90f436cd6ade95b4c0e10c20c -Dlibrary.jansi.path=C:\Users\shubh\.m2\wrapper\dists\apache-maven-3.9.9\977a63e90f436cd6ade95b4c0e10c20c\lib\jansi-native -Dmaven.multiModuleProjectDirectory=E:\Downloads\spring-boot-projects-main\spring-boot-projects-main\ecom-product-catalog\productcatalog 
java_command: org.codehaus.plexus.classworlds.launcher.Launcher spring-boot:run
java_class_path (initial): C:\Users\shubh\.m2\wrapper\dists\apache-maven-3.9.9\977a63e90f436cd6ade95b4c0e10c20c\boot\plexus-classworlds-2.8.0.jar
Launcher Type: SUN_STANDARD

[Global flags]
     intx CICompilerCount                          = 4                                         {product} {ergonomic}
     uint ConcGCThreads                            = 2                                         {product} {ergonomic}
     uint G1ConcRefinementThreads                  = 8                                         {product} {ergonomic}
   size_t G1HeapRegionSize                         = 2097152                                   {product} {ergonomic}
    uintx GCDrainStackTargetSize                   = 64                                        {product} {ergonomic}
   size_t InitialHeapSize                          = 264241152                                 {product} {ergonomic}
   size_t MarkStackSize                            = 4194304                                   {product} {ergonomic}
   size_t MaxHeapSize                              = 4227858432                                {product} {ergonomic}
   size_t MaxNewSize                               = 2535456768                                {product} {ergonomic}
   size_t MinHeapDeltaBytes                        = 2097152                                   {product} {ergonomic}
   size_t MinHeapSize                              = 8388608                                   {product} {ergonomic}
    uintx NonNMethodCodeHeapSize                   = 5839372                                {pd product} {ergonomic}
    uintx NonProfiledCodeHeapSize                  = 122909434                              {pd product} {ergonomic}
    uintx ProfiledCodeHeapSize                     = 122909434                              {pd product} {ergonomic}
    uintx ReservedCodeCacheSize                    = 251658240                              {pd product} {ergonomic}
     bool SegmentedCodeCache                       = true                                      {product} {ergonomic}
   size_t SoftMaxHeapSize                          = 4227858432                             {manageable} {ergonomic}
     bool UseCompressedClassPointers               = true                           {product lp64_product} {ergonomic}
     bool UseCompressedOops                        = true                           {product lp64_product} {ergonomic}
     bool UseG1GC                                  = true                                      {product} {ergonomic}
     bool UseLargePagesIndividualAllocation        = false                                  {pd product} {ergonomic}

Logging:
Log output configuration:
 #0: stdout all=warning uptime,level,tags foldmultilines=false
 #1: stderr all=off uptime,level,tags foldmultilines=false

Environment Variables:
PATH=C:\Program Files\Common Files\Oracle\Java\javapath;C:\WINDOWS\system32;C:\WINDOWS;C:\WINDOWS\System32\Wbem;C:\WINDOWS\System32\WindowsPowerShell\v1.0\;C:\WINDOWS\System32\OpenSSH\;C:\Program Files\dotnet\;C:\Program Files\Java\jdk-19\bin;C:\Program Files\Git\cmd;C:\Program Files\MySQL\MySQL Server 8.0\bin;C:\Program Files\PuTTY\;C:\Program Files\nodejs\;C:\Program Files\MySQL\MySQL Shell 8.0\bin\;C:\Users\shubh\AppData\Local\Programs\Python\Python312\Scripts\;C:\Users\shubh\AppData\Local\Programs\Python\Python312\;C:\Users\shubh\AppData\Local\Programs\Python\Launcher\;C:\Users\shubh\anaconda3;C:\Users\shubh\anaconda3\Library\mingw-w64\bin;C:\Users\shubh\anaconda3\Library\usr\bin;C:\Users\shubh\anaconda3\Library\bin;C:\Users\shubh\anaconda3\Scripts;C:\Users\shubh\AppData\Local\Microsoft\WindowsApps;C:\ProgramData\Microsoft\Windows\Start Menu\Programs\Node.js\Node.js.lnk;E:\VS Code\Microsoft VS Code\bin;C:\Users\shubh\AppData\Roaming\npm
USERNAME=shubh
LANG=en_US.UTF-8
OS=Windows_NT
PROCESSOR_IDENTIFIER=Intel64 Family 6 Model 140 Stepping 2, GenuineIntel
TMP=C:\Users\shubh\AppData\Local\Temp
TEMP=C:\Users\shubh\AppData\Local\Temp



---------------  S Y S T E M  ---------------

OS:
 Windows 11 , 64 bit Build 22621 (10.0.22621.5415)
OS uptime: 0 days 4:38 hours

CPU: total 8 (initial active 8) (4 cores per cpu, 2 threads per core) family 6 model 140 stepping 2 microcode 0x38, cx8, cmov, fxsr, ht, mmx, 3dnowpref, sse, sse2, sse3, ssse3, sse4.1, sse4.2, popcnt, lzcnt, tsc, tscinvbit, avx, avx2, aes, erms, clmul, bmi1, bmi2, adx, avx512f, avx512dq, avx512cd, avx512bw, avx512vl, sha, fma, vzeroupper, avx512_vpopcntdq, avx512_vpclmulqdq, avx512_vaes, avx512_vnni, clflush, clflushopt, clwb, avx512_vbmi2, avx512_vbmi, rdtscp, rdpid, fsrm, gfni, avx512_bitalg

Memory: 4k page, system-wide physical 16126M (3938M free)
TotalPageFile size 16126M (AvailPageFile size 5M)
current process WorkingSet (physical memory assigned to process): 81M, peak: 81M
current process commit charge ("private bytes"): 359M, peak: 359M

vm_info: Java HotSpot(TM) 64-Bit Server VM (19.0.1+10-21) for windows-amd64 JRE (19.0.1+10-21), built on 2022-09-14T12:45:06Z by "mach5one" with MS VC++ 17.1 (VS2022)

END.
