#
# There is insufficient memory for the Java Runtime Environment to continue.
# Native memory allocation (mmap) failed to map 264241152 bytes for G1 virtual space
# Possible reasons:
#   The system is out of physical RAM or swap space
#   The process is running with CompressedOops enabled, and the Java Heap may be blocking the growth of the native heap
# Possible solutions:
#   Reduce memory load on the system
#   Increase physical memory or swap space
#   Check if swap backing store is full
#   Decrease Java heap size (-Xmx/-Xms)
#   Decrease number of Java threads
#   Decrease Java thread stack sizes (-Xss)
#   Set larger code cache with -XX:ReservedCodeCacheSize=
#   JVM is running with Zero Based Compressed Oops mode in which the Java heap is
#     placed in the first 32GB address space. The Java Heap base address is the
#     maximum limit for the native heap growth. Please use -XX:HeapBaseMinAddress
#     to set the Java Heap base and to place the Java Heap above 32GB virtual address.
# This output file may be truncated or incomplete.
#
#  Out of Memory Error (os_windows.cpp:3527), pid=19112, tid=9112
#
# JRE version:  (19.0.1+10) (build )
# Java VM: Java HotSpot(TM) 64-Bit Server VM (19.0.1+10-21, mixed mode, sharing, tiered, compressed oops, compressed class ptrs, g1 gc, windows-amd64)
# No core dump will be written. Minidumps are not enabled by default on client versions of Windows
#

---------------  S U M M A R Y ------------

Command Line: -Dclassworlds.conf=C:\Users\shubh\.m2\wrapper\dists\apache-maven-3.9.9\977a63e90f436cd6ade95b4c0e10c20c\bin\m2.conf -Dmaven.home=C:\Users\shubh\.m2\wrapper\dists\apache-maven-3.9.9\977a63e90f436cd6ade95b4c0e10c20c -Dlibrary.jansi.path=C:\Users\shubh\.m2\wrapper\dists\apache-maven-3.9.9\977a63e90f436cd6ade95b4c0e10c20c\lib\jansi-native -Dmaven.multiModuleProjectDirectory=E:\Downloads\spring-boot-projects-main\spring-boot-projects-main\ecom-product-catalog\productcatalog org.codehaus.plexus.classworlds.launcher.Launcher spring-boot:run -Dspring-boot .run.jvmArguments=-Xmx128m -XX:+UseSerialGC

Host: 11th Gen Intel(R) Core(TM) i5-1155G7 @ 2.50GHz, 8 cores, 15G,  Windows 11 , 64 bit Build 22621 (10.0.22621.5415)
Time: Wed Oct  1 16:59:43 2025 India Standard Time elapsed time: 0.009553 seconds (0d 0h 0m 0s)

---------------  T H R E A D  ---------------

Current thread (0x0000029b07671f80):  JavaThread "Unknown thread" [_thread_in_vm, id=9112, stack(0x000000e085400000,0x000000e085500000)]

Stack: [0x000000e085400000,0x000000e085500000]
Native frames: (J=compiled Java code, j=interpreted, Vv=VM code, C=native code)
V  [jvm.dll+0x6ee8fa]
V  [jvm.dll+0x857a1e]
V  [jvm.dll+0x85940e]
V  [jvm.dll+0x859ac3]
V  [jvm.dll+0x28291f]
V  [jvm.dll+0x6eb6e9]
V  [jvm.dll+0x6e028a]
V  [jvm.dll+0x357136]
V  [jvm.dll+0x35eb96]
V  [jvm.dll+0x3b555e]
V  [jvm.dll+0x3b578f]
V  [jvm.dll+0x32c6ea]
V  [jvm.dll+0x32d59e]
V  [jvm.dll+0x821b20]
V  [jvm.dll+0x3c27c1]
V  [jvm.dll+0x8022f1]
V  [jvm.dll+0x44b30f]
V  [jvm.dll+0x44cc91]
C  [jli.dll+0x5287]
C  [ucrtbase.dll+0x29333]
C  [KERNEL32.DLL+0x1259d]
C  [ntdll.dll+0x5af78]


---------------  P R O C E S S  ---------------

Threads class SMR info:
_java_thread_list=0x00007ffd5d7fd048, length=0, elements={
}

Java Threads: ( => current thread )

Other Threads:
  0x0000029b076e46b0 WorkerThread "GC Thread#0" [stack: 0x000000e085500000,0x000000e085600000] [id=8016]
  0x0000029b076f6220 ConcurrentGCThread "G1 Main Marker" [stack: 0x000000e085600000,0x000000e085700000] [id=21992]
  0x0000029b076f6c50 WorkerThread "G1 Conc#0" [stack: 0x000000e085700000,0x000000e085800000] [id=7692]

[error occurred during error reporting (printing all threads), id 0xc0000005, EXCEPTION_ACCESS_VIOLATION (0xc0000005) at pc=0x00007ffd5cfbd127]

VM state: not at safepoint (not fully initialized)

VM Mutex/Monitor currently owned by a thread:  ([mutex/lock_event])
[0x0000029b0766df80] Heap_lock - owner thread: 0x0000029b07671f80

Heap address: 0x0000000704000000, size: 4032 MB, Compressed Oops mode: Zero based, Oop shift amount: 3

CDS archive(s) mapped at: [0x0000000000000000-0x0000000000000000-0x0000000000000000), size 0, SharedBaseAddress: 0x0000000800000000, ArchiveRelocationMode: 0.
Narrow klass base: 0x0000000000000000, Narrow klass shift: 0, Narrow klass range: 0x0

GC Precious Log:
 CardTable entry size: 512
 Card Set container configuration: InlinePtr #cards 4 size 8 Array Of Cards #cards 16 size 48 Howl #buckets 8 coarsen threshold 3686 Howl Bitmap #cards 512 size 80 coarsen threshold 460 Card regions per heap region 1 cards per card region 4096

Heap:
 garbage-first heap   total 0K, used 0K [0x0000000704000000, 0x0000000800000000)
  region size 2048K, 0 young (0K), 0 survivors (0K)

[error occurred during error reporting (printing heap information), id 0xc0000005, EXCEPTION_ACCESS_VIOLATION (0xc0000005) at pc=0x00007ffd5d3c6959]

GC Heap History (0 events):
No events

Dll operation events (1 events):
Event: 0.004 Loaded shared library C:\Program Files\Java\jdk-19\bin\java.dll

Deoptimization events (0 events):
No events

Classes loaded (0 events):
No events

Classes unloaded (0 events):
No events

Classes redefined (0 events):
No events

Internal exceptions (0 events):
No events

VM Operations (0 events):
No events

Events (0 events):
No events


Dynamic libraries:
0x00007ff7ea260000 - 0x00007ff7ea270000 	C:\Program Files\Java\jdk-19\bin\java.exe
0x00007ffdc0250000 - 0x00007ffdc0467000 	C:\WINDOWS\SYSTEM32\ntdll.dll
0x00007ffdbeb40000 - 0x00007ffdbec04000 	C:\WINDOWS\System32\KERNEL32.DLL
0x00007ffdbd880000 - 0x00007ffdbdc50000 	C:\WINDOWS\System32\KERNELBASE.dll
0x00007ffdbdc50000 - 0x00007ffdbdd61000 	C:\WINDOWS\System32\ucrtbase.dll
0x00007ffda5730000 - 0x00007ffda5748000 	C:\Program Files\Java\jdk-19\bin\jli.dll
0x00007ffdab5f0000 - 0x00007ffdab60b000 	C:\Program Files\Java\jdk-19\bin\VCRUNTIME140.dll
0x00007ffdbee10000 - 0x00007ffdbeec1000 	C:\WINDOWS\System32\ADVAPI32.dll
0x00007ffdbecd0000 - 0x00007ffdbed77000 	C:\WINDOWS\System32\msvcrt.dll
0x00007ffdbea90000 - 0x00007ffdbeb38000 	C:\WINDOWS\System32\sechost.dll
0x00007ffdbdd70000 - 0x00007ffdbdd98000 	C:\WINDOWS\System32\bcrypt.dll
0x00007ffdbfff0000 - 0x00007ffdc0108000 	C:\WINDOWS\System32\RPCRT4.dll
0x00007ffdbf820000 - 0x00007ffdbf9d1000 	C:\WINDOWS\System32\USER32.dll
0x00007ffdbd3f0000 - 0x00007ffdbd416000 	C:\WINDOWS\System32\win32u.dll
0x00007ffda2050000 - 0x00007ffda22ec000 	C:\WINDOWS\WinSxS\amd64_microsoft.windows.common-controls_6595b64144ccf1df_6.0.22621.5840_none_2710ea077384a4fe\COMCTL32.dll
0x00007ffdbe520000 - 0x00007ffdbe549000 	C:\WINDOWS\System32\GDI32.dll
0x00007ffdbd420000 - 0x00007ffdbd543000 	C:\WINDOWS\System32\gdi32full.dll
0x00007ffdbd350000 - 0x00007ffdbd3ea000 	C:\WINDOWS\System32\msvcp_win.dll
0x00007ffdaa970000 - 0x00007ffdaa97a000 	C:\WINDOWS\SYSTEM32\VERSION.dll
0x00007ffdbdf50000 - 0x00007ffdbdf81000 	C:\WINDOWS\System32\IMM32.DLL
0x00007ffda5b80000 - 0x00007ffda5b8c000 	C:\Program Files\Java\jdk-19\bin\vcruntime140_1.dll
0x00007ffd92600000 - 0x00007ffd9268e000 	C:\Program Files\Java\jdk-19\bin\msvcp140.dll
0x00007ffd5cc80000 - 0x00007ffd5d940000 	C:\Program Files\Java\jdk-19\bin\server\jvm.dll
0x00007ffdbae00000 - 0x00007ffdbae34000 	C:\WINDOWS\SYSTEM32\WINMM.dll
0x00007ffda5790000 - 0x00007ffda5799000 	C:\WINDOWS\SYSTEM32\WSOCK32.dll
0x00007ffdbeed0000 - 0x00007ffdbef41000 	C:\WINDOWS\System32\WS2_32.dll
0x00007ffdbc2c0000 - 0x00007ffdbc2d8000 	C:\WINDOWS\SYSTEM32\kernel.appcore.dll
0x00007ffda55d0000 - 0x00007ffda55da000 	C:\Program Files\Java\jdk-19\bin\jimage.dll
0x00007ffdbab40000 - 0x00007ffdbad73000 	C:\WINDOWS\SYSTEM32\DBGHELP.DLL
0x00007ffdbf9e0000 - 0x00007ffdbfd71000 	C:\WINDOWS\System32\combase.dll
0x00007ffdbff10000 - 0x00007ffdbffe8000 	C:\WINDOWS\System32\OLEAUT32.dll
0x00007ffdbadc0000 - 0x00007ffdbadf2000 	C:\WINDOWS\SYSTEM32\dbgcore.DLL
0x00007ffdbd550000 - 0x00007ffdbd5cb000 	C:\WINDOWS\System32\bcryptPrimitives.dll
0x00007ffda49e0000 - 0x00007ffda4a06000 	C:\Program Files\Java\jdk-19\bin\java.dll

dbghelp: loaded successfully - version: 4.0.5 - missing functions: none
symbol engine: initialized successfully - sym options: 0x614 - pdb path: .;C:\Program Files\Java\jdk-19\bin;C:\WINDOWS\SYSTEM32;C:\WINDOWS\WinSxS\amd64_microsoft.windows.common-controls_6595b64144ccf1df_6.0.22621.5840_none_2710ea077384a4fe;C:\Program Files\Java\jdk-19\bin\server

VM Arguments:
jvm_args: -Dclassworlds.conf=C:\Users\shubh\.m2\wrapper\dists\apache-maven-3.9.9\977a63e90f436cd6ade95b4c0e10c20c\bin\m2.conf -Dmaven.home=C:\Users\shubh\.m2\wrapper\dists\apache-maven-3.9.9\977a63e90f436cd6ade95b4c0e10c20c -Dlibrary.jansi.path=C:\Users\shubh\.m2\wrapper\dists\apache-maven-3.9.9\977a63e90f436cd6ade95b4c0e10c20c\lib\jansi-native -Dmaven.multiModuleProjectDirectory=E:\Downloads\spring-boot-projects-main\spring-boot-projects-main\ecom-product-catalog\productcatalog 
java_command: org.codehaus.plexus.classworlds.launcher.Launcher spring-boot:run -Dspring-boot .run.jvmArguments=-Xmx128m -XX:+UseSerialGC
java_class_path (initial): C:\Users\shubh\.m2\wrapper\dists\apache-maven-3.9.9\977a63e90f436cd6ade95b4c0e10c20c\boot\plexus-classworlds-2.8.0.jar
Launcher Type: SUN_STANDARD

[Global flags]
     intx CICompilerCount                          = 4                                         {product} {ergonomic}
     uint ConcGCThreads                            = 2                                         {product} {ergonomic}
     uint G1ConcRefinementThreads                  = 8                                         {product} {ergonomic}
   size_t G1HeapRegionSize                         = 2097152                                   {product} {ergonomic}
    uintx GCDrainStackTargetSize                   = 64                                        {product} {ergonomic}
   size_t InitialHeapSize                          = 264241152                                 {product} {ergonomic}
   size_t MarkStackSize                            = 4194304                                   {product} {ergonomic}
   size_t MaxHeapSize                              = 4227858432                                {product} {ergonomic}
   size_t MinHeapDeltaBytes                        = 2097152                                   {product} {ergonomic}
   size_t MinHeapSize                              = 8388608                                   {product} {ergonomic}
    uintx NonNMethodCodeHeapSize                   = 5839372                                {pd product} {ergonomic}
    uintx NonProfiledCodeHeapSize                  = 122909434                              {pd product} {ergonomic}
    uintx ProfiledCodeHeapSize                     = 122909434                              {pd product} {ergonomic}
    uintx ReservedCodeCacheSize                    = 251658240                              {pd product} {ergonomic}
     bool SegmentedCodeCache                       = true                                      {product} {ergonomic}
   size_t SoftMaxHeapSize                          = 4227858432                             {manageable} {ergonomic}
     bool UseCompressedClassPointers               = true                           {product lp64_product} {ergonomic}
     bool UseCompressedOops                        = true                           {product lp64_product} {ergonomic}
     bool UseG1GC                                  = true                                      {product} {ergonomic}
     bool UseLargePagesIndividualAllocation        = false                                  {pd product} {ergonomic}

Logging:
Log output configuration:
 #0: stdout all=warning uptime,level,tags foldmultilines=false
 #1: stderr all=off uptime,level,tags foldmultilines=false

Environment Variables:
PATH=C:\Program Files\Common Files\Oracle\Java\javapath;C:\WINDOWS\system32;C:\WINDOWS;C:\WINDOWS\System32\Wbem;C:\WINDOWS\System32\WindowsPowerShell\v1.0\;C:\WINDOWS\System32\OpenSSH\;C:\Program Files\dotnet\;C:\Program Files\Java\jdk-19\bin;C:\Program Files\Git\cmd;C:\Program Files\MySQL\MySQL Server 8.0\bin;C:\Program Files\PuTTY\;C:\Program Files\nodejs\;C:\Program Files\MySQL\MySQL Shell 8.0\bin\;C:\Users\shubh\AppData\Local\Programs\Python\Python312\Scripts\;C:\Users\shubh\AppData\Local\Programs\Python\Python312\;C:\Users\shubh\AppData\Local\Programs\Python\Launcher\;C:\Users\shubh\anaconda3;C:\Users\shubh\anaconda3\Library\mingw-w64\bin;C:\Users\shubh\anaconda3\Library\usr\bin;C:\Users\shubh\anaconda3\Library\bin;C:\Users\shubh\anaconda3\Scripts;C:\Users\shubh\AppData\Local\Microsoft\WindowsApps;C:\ProgramData\Microsoft\Windows\Start Menu\Programs\Node.js\Node.js.lnk;E:\VS Code\Microsoft VS Code\bin;C:\Users\shubh\AppData\Roaming\npm
USERNAME=shubh
LANG=en_US.UTF-8
OS=Windows_NT
PROCESSOR_IDENTIFIER=Intel64 Family 6 Model 140 Stepping 2, GenuineIntel
TMP=C:\Users\shubh\AppData\Local\Temp
TEMP=C:\Users\shubh\AppData\Local\Temp



---------------  S Y S T E M  ---------------

OS:
 Windows 11 , 64 bit Build 22621 (10.0.22621.5415)
OS uptime: 0 days 4:39 hours

CPU: total 8 (initial active 8) (4 cores per cpu, 2 threads per core) family 6 model 140 stepping 2 microcode 0x38, cx8, cmov, fxsr, ht, mmx, 3dnowpref, sse, sse2, sse3, ssse3, sse4.1, sse4.2, popcnt, lzcnt, tsc, tscinvbit, avx, avx2, aes, erms, clmul, bmi1, bmi2, adx, avx512f, avx512dq, avx512cd, avx512bw, avx512vl, sha, fma, vzeroupper, avx512_vpopcntdq, avx512_vpclmulqdq, avx512_vaes, avx512_vnni, clflush, clflushopt, clwb, avx512_vbmi2, avx512_vbmi, rdtscp, rdpid, fsrm, gfni, avx512_bitalg

Memory: 4k page, system-wide physical 16126M (3916M free)
TotalPageFile size 16126M (AvailPageFile size 133M)
current process WorkingSet (physical memory assigned to process): 11M, peak: 11M
current process commit charge ("private bytes"): 60M, peak: 312M

vm_info: Java HotSpot(TM) 64-Bit Server VM (19.0.1+10-21) for windows-amd64 JRE (19.0.1+10-21), built on 2022-09-14T12:45:06Z by "mach5one" with MS VC++ 17.1 (VS2022)

END.
